19:07:08.960 [main                     ] DEBUG Logger               - Configured Logger
19:07:08.975 [main                     ] DEBUG GameApplication      - Logging settings
Title: FXGL Render View
Version: 0.0
Width: 800
Height: 600
Fullscreen: false
Intro: false
Profiling: false
Single step:false
App Mode: DEVELOPER
Menu Key: ESCAPE
Stage Style: DECORATED
Scene Factory: class com.almasb.fxgl.app.scene.SceneFactory

19:07:09.327 [JavaFX Application Thread] DEBUG FXGLApplication      - Initializing FXGL
19:07:09.329 [JavaFX Application Thread] INFO  Engine               - FXGL-11.17 (16.07.2021 15.46) on WINDOWS (J:16.0.2 FX:16)
19:07:09.329 [JavaFX Application Thread] DEBUG Engine               - JRE Vendor Name: Oracle Corporation
19:07:09.329 [JavaFX Application Thread] DEBUG Engine               - Running on OS: Windows 10 version 10.0
19:07:09.330 [JavaFX Application Thread] DEBUG Engine               - Architecture: amd64
19:07:09.330 [JavaFX Application Thread] INFO  Engine               - Source code and latest versions at: https://github.com/AlmasB/FXGL
19:07:09.330 [JavaFX Application Thread] INFO  Engine               -              Join the FXGL chat at: https://gitter.im/AlmasB/FXGL
19:07:09.412 [JavaFX Application Thread] DEBUG PrimaryStageWindow   - Creating a JavaFX scene
19:07:09.449 [JavaFX Application Thread] DEBUG PrimaryStageWindow   - Target settings size: 800.0 x 600.0
19:07:09.449 [JavaFX Application Thread] DEBUG PrimaryStageWindow   - Scaled scene size:    800.0 x 600.0
19:07:09.449 [JavaFX Application Thread] DEBUG PrimaryStageWindow   - Scaled ratio: (1.0, 1.0)
19:07:09.450 [JavaFX Application Thread] DEBUG PrimaryStageWindow   - Set initial scene to FXGLStartupScene
19:07:09.455 [JavaFX Application Thread] DEBUG PrimaryStageWindow   - Opening main window
19:07:09.530 [JavaFX Application Thread] DEBUG PrimaryStageWindow   - Window border size: (16.0, 39.0)
19:07:09.531 [JavaFX Application Thread] DEBUG PrimaryStageWindow   - Scaled size: 800.0 x 600.0
19:07:09.531 [JavaFX Application Thread] DEBUG PrimaryStageWindow   - Scaled ratio: (1.0, 1.0)
19:07:09.531 [JavaFX Application Thread] DEBUG PrimaryStageWindow   - Scene size: 800.0 x 600.0
19:07:09.531 [JavaFX Application Thread] DEBUG PrimaryStageWindow   - Stage size: 816.0 x 639.0
19:07:09.539 [FXGL Background Thread 1 ] DEBUG Engine               - Initializing environment variables
19:07:09.585 [FXGL Background Thread 1 ] DEBUG FXGLAssetLoaderServi - User app class for loading assets: class com.jfxchess.jfxchess.Data.BoardRenderFXGL
19:07:09.585 [FXGL Background Thread 1 ] DEBUG GameApplicationServi - Applying CSS: fxgl_dark.css
19:07:09.586 [FXGL Background Thread 1 ] DEBUG FXGLAssetLoaderServi - Loading from file system: jar:file:///C:/Users/Manic/.m2/repository/com/github/almasb/fxgl/11.17/fxgl-11.17.jar!/fxglassets/ui/css/fxgl_dark.css
19:07:09.629 [FXGL Background Thread 1 ] DEBUG GameApplicationServi - Initializing application scenes
19:07:09.660 [FXGL Background Thread 1 ] DEBUG GameWorld            - Game world initialized
19:07:09.730 [FXGL Background Thread 1 ] DEBUG PhysicsWorld         - Physics world initialized: appHeight=600, physics.ppm=50.0
19:07:09.730 [FXGL Background Thread 1 ] DEBUG PhysicsWorld         - Using strategy: BRUTE_FORCE
19:07:09.733 [FXGL Background Thread 1 ] DEBUG GameScene            - Game scene initialized: 800x600
19:07:09.745 [FXGL Background Thread 1 ] DEBUG FXGL.DefaultMenu     - createMenuBodyGameMenu()
19:07:09.763 [FXGL Background Thread 1 ] DEBUG FXGL.DefaultMenu     - createOptionsMenu()
19:07:09.775 [FXGL Background Thread 1 ] DEBUG FXGLAssetLoaderServi - Loading from file system: jar:file:///C:/Users/Manic/.m2/repository/com/github/almasb/fxgl/11.17/fxgl-11.17.jar!/fxglassets/textures/particles/smoke.png
19:07:09.860 [FXGL Background Thread 1 ] DEBUG FXGLAssetLoaderServi - Loading from file system: jar:file:///C:/Users/Manic/.m2/repository/com/github/almasb/fxgl/11.17/fxgl-11.17.jar!/fxglassets/textures/particles/trace_horizontal.png
19:07:09.891 [FXGL Background Thread 1 ] DEBUG GameApplicationServi - Application scenes initialized
19:07:09.903 [FXGL Background Thread 1 ] DEBUG SystemBundleService  - Loading default FXGL system data
19:07:09.903 [FXGL Background Thread 1 ] DEBUG UpdaterService       - Checking for updates
19:07:09.907 [FXGL Background Thread 4 ] DEBUG FXGLApplication      - Loading fonts
19:07:09.907 [FXGL Background Thread 1 ] DEBUG FXGLApplication      - Loading default localization
19:07:09.908 [FXGL Background Thread 4 ] DEBUG FXGLAssetLoaderServi - Loading from file system: jar:file:///C:/Users/Manic/.m2/repository/com/github/almasb/fxgl/11.17/fxgl-11.17.jar!/fxglassets/ui/fonts/VarelaRound-Regular.ttf
19:07:09.908 [FXGL Background Thread 1 ] DEBUG FXGLAssetLoaderServi - Loading from file system: jar:file:///C:/Users/Manic/.m2/repository/com/github/almasb/fxgl/11.17/fxgl-11.17.jar!/fxglassets/languages/english.lang
19:07:09.919 [FXGL Background Thread 1 ] INFO  FXGLApplication      - FXGL initialization took: 0.379 sec
19:07:09.920 [JavaFX Application Thread] DEBUG FXGLAssetLoaderServi - Loading from file system: jar:file:///C:/Users/Manic/.m2/repository/com/github/almasb/fxgl/11.17/fxgl-11.17.jar!/fxglassets/textures/fxgl_icon.png
19:07:09.944 [JavaFX Application Thread] DEBUG FXGLAssetLoaderServi - Loading from file system: jar:file:///C:/Users/Manic/.m2/repository/com/github/almasb/fxgl/11.17/fxgl-11.17.jar!/fxglassets/textures/fxgl_default_cursor.png
19:07:09.953 [FXGL Background Thread 4 ] DEBUG FXGLAssetLoaderServi - Loading from file system: jar:file:///C:/Users/Manic/.m2/repository/com/github/almasb/fxgl/11.17/fxgl-11.17.jar!/fxglassets/ui/fonts/Abel-Regular.ttf
19:07:09.958 [JavaFX Application Thread] DEBUG Input                - Registered new binding: Screenshot - CTRL+8
19:07:09.959 [JavaFX Application Thread] DEBUG Input                - Registered new binding: System info dump - CTRL+9
19:07:09.960 [JavaFX Application Thread] DEBUG Input                - Registered new binding: Restart - CTRL+R
19:07:09.961 [JavaFX Application Thread] DEBUG Input                - Registered new binding: Toggle Debug Camera - CTRL+C
19:07:09.963 [JavaFX Application Thread] DEBUG LoopRunner           - Starting loop
19:07:09.963 [JavaFX Application Thread] DEBUG LoopRunner           - Initializing JavaFX AnimationTimerLoop
19:07:09.964 [FXGL Background Thread 4 ] DEBUG FXGLAssetLoaderServi - Loading from file system: jar:file:///C:/Users/Manic/.m2/repository/com/github/almasb/fxgl/11.17/fxgl-11.17.jar!/fxglassets/ui/fonts/lucida_console.ttf
19:07:09.965 [JavaFX Application Thread] DEBUG GameApplicationServi - Starting new game
19:07:09.966 [JavaFX Application Thread] DEBUG Input                - Clearing active input actions
19:07:09.977 [FXGL Background Thread 4 ] DEBUG FXGLAssetLoaderServi - Loading from file system: jar:file:///C:/Users/Manic/.m2/repository/com/github/almasb/fxgl/11.17/fxgl-11.17.jar!/fxglassets/ui/fonts/Courier-Prime.ttf
19:07:09.979 [JavaFX Application Thread] DEBUG GameApplicationServi - Removing overlay from FXGLStartupScene and adding to FXGLLoadingScene
19:07:09.980 [JavaFX Application Thread] DEBUG PrimaryStageWindow   - FXGLStartupScene -> FXGLLoadingScene
19:07:09.980 [JavaFX Application Thread] DEBUG GameApplicationServi - Clearing previous game
19:07:09.980 [JavaFX Application Thread] DEBUG GameScene            - Clearing game scene
19:07:09.980 [JavaFX Application Thread] DEBUG GameWorld            - Clearing game world
19:07:09.981 [JavaFX Application Thread] DEBUG PhysicsWorld         - Clearing physics world
19:07:09.982 [FXGL Background Thread 1 ] DEBUG FXGLApplication      - Initializing game
19:07:09.983 [FXGL Background Thread 1 ] INFO  FXGLApplication      - Game initialization took: 0.001 sec
19:07:10.010 [JavaFX Application Thread] DEBUG Input                - Clearing active input actions
19:07:10.018 [JavaFX Application Thread] DEBUG GameApplicationServi - Removing overlay from FXGLLoadingScene and adding to GameScene
19:07:10.018 [JavaFX Application Thread] DEBUG PrimaryStageWindow   - FXGLLoadingScene -> GameScene
19:07:10.019 [JavaFX Application Thread] DEBUG FXGLApplication      - Registering font factories with UI factory
19:07:12.907 [FXGL Background Thread 3 ] DEBUG Engine               - Logging environment variables
19:07:12.907 [FXGL Background Thread 3 ] DEBUG Engine               - achievements: []
19:07:12.907 [FXGL Background Thread 3 ] DEBUG Engine               - actualHeight: 600.0
19:07:12.907 [FXGL Background Thread 3 ] DEBUG Engine               - actualHeightProperty: ReadOnlyDoubleProperty [value: 600.0]
19:07:12.908 [FXGL Background Thread 3 ] DEBUG Engine               - actualWidth: 800.0
19:07:12.908 [FXGL Background Thread 3 ] DEBUG Engine               - actualWidthProperty: ReadOnlyDoubleProperty [value: 800.0]
19:07:12.908 [FXGL Background Thread 3 ] DEBUG Engine               - appIcon: fxgl_icon.png
19:07:12.908 [FXGL Background Thread 3 ] DEBUG Engine               - applicationMode: DEVELOPER
19:07:12.908 [FXGL Background Thread 3 ] DEBUG Engine               - cSSList: [fxgl_dark.css]
19:07:12.908 [FXGL Background Thread 3 ] DEBUG Engine               - collisionDetectionStrategy: BRUTE_FORCE
19:07:12.909 [FXGL Background Thread 3 ] DEBUG Engine               - configClass: Optional.empty
19:07:12.909 [FXGL Background Thread 3 ] DEBUG Engine               - credits: []
19:07:12.909 [FXGL Background Thread 3 ] DEBUG Engine               - defaultCursor: CursorInfo(imageName=fxgl_default_cursor.png, hotspotX=7.0, hotspotY=6.0)
19:07:12.909 [FXGL Background Thread 3 ] DEBUG Engine               - devBBoxColorProperty: ObjectProperty [value: 0xff0000ff]
19:07:12.909 [FXGL Background Thread 3 ] DEBUG Engine               - devEnableDebugCameraProperty: BooleanProperty [value: false]
19:07:12.910 [FXGL Background Thread 3 ] DEBUG Engine               - devSensorColorProperty: ObjectProperty [value: 0xffff00ff]
19:07:12.910 [FXGL Background Thread 3 ] DEBUG Engine               - devShowBBoxProperty: BooleanProperty [value: false]
19:07:12.910 [FXGL Background Thread 3 ] DEBUG Engine               - devShowPositionProperty: BooleanProperty [value: false]
19:07:12.910 [FXGL Background Thread 3 ] DEBUG Engine               - enabledMenuItems: []
19:07:12.910 [FXGL Background Thread 3 ] DEBUG Engine               - engineServices: [class com.almasb.fxgl.app.services.FXGLAssetLoaderService, class com.almasb.fxgl.app.FXGLApplication$GameApplicationService, class com.almasb.fxgl.app.services.FXGLDialogService, class com.almasb.fxgl.app.services.IOTaskExecutorService, class com.almasb.fxgl.io.FileSystemService, class com.almasb.fxgl.localization.LocalizationService, class com.almasb.fxgl.app.services.SystemBundleService, class com.almasb.fxgl.profile.SaveLoadService, class com.almasb.fxgl.ui.FXGLUIFactoryServiceProvider, class com.almasb.fxgl.ui.FXGLDialogFactoryServiceProvider, class com.almasb.fxgl.audio.AudioPlayer, class com.almasb.fxgl.notification.impl.NotificationServiceProvider, class com.almasb.fxgl.achievement.AchievementService, class com.almasb.fxgl.cutscene.CutsceneService, class com.almasb.fxgl.minigames.MiniGameService, class com.almasb.fxgl.net.NetService, class com.almasb.fxgl.app.services.UpdaterService, class com.almasb.fxgl.dev.DevService]
19:07:12.910 [FXGL Background Thread 3 ] DEBUG Engine               - fontGame: Abel-Regular.ttf
19:07:12.910 [FXGL Background Thread 3 ] DEBUG Engine               - fontMono: lucida_console.ttf
19:07:12.911 [FXGL Background Thread 3 ] DEBUG Engine               - fontText: Courier-Prime.ttf
19:07:12.911 [FXGL Background Thread 3 ] DEBUG Engine               - fontUI: VarelaRound-Regular.ttf
19:07:12.911 [FXGL Background Thread 3 ] DEBUG Engine               - fullScreen: BooleanProperty [value: false]
19:07:12.911 [FXGL Background Thread 3 ] DEBUG Engine               - gameDifficulty: MEDIUM
19:07:12.911 [FXGL Background Thread 3 ] DEBUG Engine               - gameDifficultyProperty: ObjectProperty [value: MEDIUM]
19:07:12.911 [FXGL Background Thread 3 ] DEBUG Engine               - globalMusicVolume: 0.5
19:07:12.911 [FXGL Background Thread 3 ] DEBUG Engine               - globalMusicVolumeProperty: DoubleProperty [value: 0.5]
19:07:12.912 [FXGL Background Thread 3 ] DEBUG Engine               - globalSoundVolume: 0.5
19:07:12.912 [FXGL Background Thread 3 ] DEBUG Engine               - globalSoundVolumeProperty: DoubleProperty [value: 0.5]
19:07:12.912 [FXGL Background Thread 3 ] DEBUG Engine               - height: 600
19:07:12.912 [FXGL Background Thread 3 ] DEBUG Engine               - is3D: false
19:07:12.912 [FXGL Background Thread 3 ] DEBUG Engine               - isAndroid: false
19:07:12.912 [FXGL Background Thread 3 ] DEBUG Engine               - isBrowser: false
19:07:12.913 [FXGL Background Thread 3 ] DEBUG Engine               - isClickFeedbackEnabled: false
19:07:12.913 [FXGL Background Thread 3 ] DEBUG Engine               - isCloseConfirmation: false
19:07:12.913 [FXGL Background Thread 3 ] DEBUG Engine               - isDesktop: true
19:07:12.913 [FXGL Background Thread 3 ] DEBUG Engine               - isDeveloperMenuEnabled: false
19:07:12.913 [FXGL Background Thread 3 ] DEBUG Engine               - isEntityPreloadEnabled: true
19:07:12.913 [FXGL Background Thread 3 ] DEBUG Engine               - isExperimentalTiledLargeMap: false
19:07:12.913 [FXGL Background Thread 3 ] DEBUG Engine               - isFileSystemWriteAllowed: true
19:07:12.913 [FXGL Background Thread 3 ] DEBUG Engine               - isFullScreenAllowed: false
19:07:12.914 [FXGL Background Thread 3 ] DEBUG Engine               - isFullScreenFromStart: false
19:07:12.914 [FXGL Background Thread 3 ] DEBUG Engine               - isGameMenuEnabled: true
19:07:12.914 [FXGL Background Thread 3 ] DEBUG Engine               - isIOS: false
19:07:12.914 [FXGL Background Thread 3 ] DEBUG Engine               - isIntroEnabled: false
19:07:12.914 [FXGL Background Thread 3 ] DEBUG Engine               - isLinux: false
19:07:12.914 [FXGL Background Thread 3 ] DEBUG Engine               - isMac: false
19:07:12.914 [FXGL Background Thread 3 ] DEBUG Engine               - isMainMenuEnabled: false
19:07:12.915 [FXGL Background Thread 3 ] DEBUG Engine               - isManualResizeEnabled: false
19:07:12.915 [FXGL Background Thread 3 ] DEBUG Engine               - isMobile: false
19:07:12.915 [FXGL Background Thread 3 ] DEBUG Engine               - isNative: false
19:07:12.915 [FXGL Background Thread 3 ] DEBUG Engine               - isPauseMusicWhenMinimized: true
19:07:12.915 [FXGL Background Thread 3 ] DEBUG Engine               - isPreserveResizeRatio: false
19:07:12.915 [FXGL Background Thread 3 ] DEBUG Engine               - isProfilingEnabled: false
19:07:12.915 [FXGL Background Thread 3 ] DEBUG Engine               - isScaleAffectedOnResize: true
19:07:12.915 [FXGL Background Thread 3 ] DEBUG Engine               - isSingleStep: false
19:07:12.915 [FXGL Background Thread 3 ] DEBUG Engine               - isUserProfileEnabled: false
19:07:12.916 [FXGL Background Thread 3 ] DEBUG Engine               - isWindows: true
19:07:12.916 [FXGL Background Thread 3 ] DEBUG Engine               - language: ObjectProperty [value: ENGLISH]
19:07:12.917 [FXGL Background Thread 3 ] DEBUG Engine               - menuKey: ESCAPE
19:07:12.917 [FXGL Background Thread 3 ] DEBUG Engine               - mouseSensitivity: 0.2
19:07:12.917 [FXGL Background Thread 3 ] DEBUG Engine               - notificationViewClass: class com.almasb.fxgl.notification.view.XboxNotificationView
19:07:12.917 [FXGL Background Thread 3 ] DEBUG Engine               - pixelsPerMeter: 50.0
19:07:12.917 [FXGL Background Thread 3 ] DEBUG Engine               - platform: WINDOWS
19:07:12.917 [FXGL Background Thread 3 ] DEBUG Engine               - prefHeightProperty: ReadOnlyDoubleProperty [value: 600.0]
19:07:12.917 [FXGL Background Thread 3 ] DEBUG Engine               - prefWidthProperty: ReadOnlyDoubleProperty [value: 800.0]
19:07:12.917 [FXGL Background Thread 3 ] DEBUG Engine               - profileDir: profiles/
19:07:12.918 [FXGL Background Thread 3 ] DEBUG Engine               - profileName: StringProperty [value: DEFAULT]
19:07:12.918 [FXGL Background Thread 3 ] DEBUG Engine               - randomSeed: -1
19:07:12.918 [FXGL Background Thread 3 ] DEBUG Engine               - runtimeInfo: RuntimeInfo(platform=WINDOWS, version=11.17, build=16.07.2021 15.46)
19:07:12.918 [FXGL Background Thread 3 ] DEBUG Engine               - saveFileExt: sav
19:07:12.918 [FXGL Background Thread 3 ] DEBUG Engine               - scaledHeightProp$fxgl: DoubleProperty [bound, value: 600.0]
19:07:12.918 [FXGL Background Thread 3 ] DEBUG Engine               - scaledWidthProp$fxgl: DoubleProperty [bound, value: 800.0]
19:07:12.918 [FXGL Background Thread 3 ] DEBUG Engine               - sceneFactory: com.almasb.fxgl.app.scene.SceneFactory@3a48c44d
19:07:12.918 [FXGL Background Thread 3 ] DEBUG Engine               - secondsIn24h: 60
19:07:12.919 [FXGL Background Thread 3 ] DEBUG Engine               - soundMenuBack: menu/back.wav
19:07:12.919 [FXGL Background Thread 3 ] DEBUG Engine               - soundMenuPress: menu/press.wav
19:07:12.919 [FXGL Background Thread 3 ] DEBUG Engine               - soundMenuSelect: menu/select.wav
19:07:12.919 [FXGL Background Thread 3 ] DEBUG Engine               - soundNotification: core/notification.wav
19:07:12.919 [FXGL Background Thread 3 ] DEBUG Engine               - stageStyle: DECORATED
19:07:12.919 [FXGL Background Thread 3 ] DEBUG Engine               - supportedLanguages: [ENGLISH, FRENCH, GERMAN, HUNGARIAN, RUSSIAN]
19:07:12.919 [FXGL Background Thread 3 ] DEBUG Engine               - ticksPerSecond: -1
19:07:12.919 [FXGL Background Thread 3 ] DEBUG Engine               - title: FXGL Render View
19:07:12.919 [FXGL Background Thread 3 ] DEBUG Engine               - urlGithub: https://github.com/AlmasB/FXGL
19:07:12.919 [FXGL Background Thread 3 ] DEBUG Engine               - urlLeaderboard: http://fxgl-top.herokuapp.com/
19:07:12.920 [FXGL Background Thread 3 ] DEBUG Engine               - urlPOM: https://raw.githubusercontent.com/AlmasB/FXGL/release/README.md
19:07:12.920 [FXGL Background Thread 3 ] DEBUG Engine               - userAppClass: class com.jfxchess.jfxchess.Data.BoardRenderFXGL
19:07:12.920 [FXGL Background Thread 3 ] DEBUG Engine               - version: 0.0
19:07:12.920 [FXGL Background Thread 3 ] DEBUG Engine               - versionCheckDays: 7
19:07:12.920 [FXGL Background Thread 3 ] DEBUG Engine               - width: 800
19:07:12.920 [FXGL Background Thread 3 ] DEBUG Engine               - Logging services
19:07:12.920 [FXGL Background Thread 3 ] DEBUG Engine               - class com.almasb.fxgl.app.services.FXGLAssetLoaderService
19:07:12.921 [FXGL Background Thread 3 ] DEBUG Engine               - class com.almasb.fxgl.app.FXGLApplication$GameApplicationService
19:07:12.921 [FXGL Background Thread 3 ] DEBUG Engine               - class com.almasb.fxgl.app.services.FXGLDialogService
19:07:12.921 [FXGL Background Thread 3 ] DEBUG Engine               - class com.almasb.fxgl.app.services.IOTaskExecutorService
19:07:12.921 [FXGL Background Thread 3 ] DEBUG Engine               - class com.almasb.fxgl.io.FileSystemService
19:07:12.921 [FXGL Background Thread 3 ] DEBUG Engine               - class com.almasb.fxgl.localization.LocalizationService
19:07:12.921 [FXGL Background Thread 3 ] DEBUG Engine               - class com.almasb.fxgl.app.services.SystemBundleService
19:07:12.921 [FXGL Background Thread 3 ] DEBUG Engine               - class com.almasb.fxgl.profile.SaveLoadService
19:07:12.921 [FXGL Background Thread 3 ] DEBUG Engine               - class com.almasb.fxgl.ui.FXGLUIFactoryServiceProvider
19:07:12.921 [FXGL Background Thread 3 ] DEBUG Engine               - class com.almasb.fxgl.ui.FXGLDialogFactoryServiceProvider
19:07:12.921 [FXGL Background Thread 3 ] DEBUG Engine               - class com.almasb.fxgl.audio.AudioPlayer
19:07:12.922 [FXGL Background Thread 3 ] DEBUG Engine               - class com.almasb.fxgl.notification.impl.NotificationServiceProvider
19:07:12.922 [FXGL Background Thread 3 ] DEBUG Engine               - class com.almasb.fxgl.achievement.AchievementService
19:07:12.922 [FXGL Background Thread 3 ] DEBUG Engine               - class com.almasb.fxgl.cutscene.CutsceneService
19:07:12.922 [FXGL Background Thread 3 ] DEBUG Engine               - class com.almasb.fxgl.minigames.MiniGameService
19:07:12.922 [FXGL Background Thread 3 ] DEBUG Engine               - class com.almasb.fxgl.net.NetService
19:07:12.922 [FXGL Background Thread 3 ] DEBUG Engine               - class com.almasb.fxgl.app.services.UpdaterService
19:07:12.922 [FXGL Background Thread 3 ] DEBUG Engine               - class com.almasb.fxgl.dev.DevService
19:07:19.475 [JavaFX Application Thread] DEBUG FXGLApplication      - Exiting FXGL
19:07:19.475 [JavaFX Application Thread] DEBUG LoopRunner           - Stopping loop
19:07:19.475 [JavaFX Application Thread] DEBUG SystemBundleService  - Saving FXGL system data
19:07:19.477 [JavaFX Application Thread] DEBUG FileSystemAccess     - Writing to: C:\Users\Manic\IdeaProjects\JFXChess\system\fxgl.bundle
19:07:19.481 [JavaFX Application Thread] DEBUG Async                - Shutting down background threads
19:07:19.482 [JavaFX Application Thread] DEBUG PrimaryStageWindow   - Closing main window
19:07:19.492 [JavaFX Application Thread] DEBUG Logger               - Closing Logger
